0 info it worked if it ends with ok
1 verbose cli [ 'node', '/usr/local/bin/npm', 'publish', '.' ]
2 info using npm@1.4.3
3 info using node@v0.10.26
4 verbose publish [ '.' ]
5 verbose cache add [ '.', null ]
6 verbose cache add name=undefined spec="." args=[".",null]
7 verbose parsed url { protocol: null,
7 verbose parsed url   slashes: null,
7 verbose parsed url   auth: null,
7 verbose parsed url   host: null,
7 verbose parsed url   port: null,
7 verbose parsed url   hostname: null,
7 verbose parsed url   hash: null,
7 verbose parsed url   search: null,
7 verbose parsed url   query: null,
7 verbose parsed url   pathname: '.',
7 verbose parsed url   path: '.',
7 verbose parsed url   href: '.' }
8 silly lockFile 3a52ce78- .
9 verbose lock . /Users/cjb/.npm/3a52ce78-.lock
10 verbose tar pack [ '/var/folders/gx/pc1q9q2d56x6n0lzbprg79gm0000gn/T/npm-3151-n3Xe-Apx/1395116081284-0.4770557009615004/tmp.tgz',
10 verbose tar pack   '.' ]
11 verbose tarball /var/folders/gx/pc1q9q2d56x6n0lzbprg79gm0000gn/T/npm-3151-n3Xe-Apx/1395116081284-0.4770557009615004/tmp.tgz
12 verbose folder .
13 info prepublish property_patch@0.1.0
14 silly lockFile 1f1177db-tar tar://.
15 verbose lock tar://. /Users/cjb/.npm/1f1177db-tar.lock
16 silly lockFile c7017c4b-81284-0-4770557009615004-tmp-tgz tar:///var/folders/gx/pc1q9q2d56x6n0lzbprg79gm0000gn/T/npm-3151-n3Xe-Apx/1395116081284-0.4770557009615004/tmp.tgz
17 verbose lock tar:///var/folders/gx/pc1q9q2d56x6n0lzbprg79gm0000gn/T/npm-3151-n3Xe-Apx/1395116081284-0.4770557009615004/tmp.tgz /Users/cjb/.npm/c7017c4b-81284-0-4770557009615004-tmp-tgz.lock
18 silly lockFile 1f1177db-tar tar://.
19 silly lockFile 1f1177db-tar tar://.
20 silly lockFile c7017c4b-81284-0-4770557009615004-tmp-tgz tar:///var/folders/gx/pc1q9q2d56x6n0lzbprg79gm0000gn/T/npm-3151-n3Xe-Apx/1395116081284-0.4770557009615004/tmp.tgz
21 silly lockFile c7017c4b-81284-0-4770557009615004-tmp-tgz tar:///var/folders/gx/pc1q9q2d56x6n0lzbprg79gm0000gn/T/npm-3151-n3Xe-Apx/1395116081284-0.4770557009615004/tmp.tgz
22 verbose tar unpack /var/folders/gx/pc1q9q2d56x6n0lzbprg79gm0000gn/T/npm-3151-n3Xe-Apx/1395116081284-0.4770557009615004/tmp.tgz
23 silly lockFile d02e0604-81284-0-4770557009615004-package tar:///var/folders/gx/pc1q9q2d56x6n0lzbprg79gm0000gn/T/npm-3151-n3Xe-Apx/1395116081284-0.4770557009615004/package
24 verbose lock tar:///var/folders/gx/pc1q9q2d56x6n0lzbprg79gm0000gn/T/npm-3151-n3Xe-Apx/1395116081284-0.4770557009615004/package /Users/cjb/.npm/d02e0604-81284-0-4770557009615004-package.lock
25 silly lockFile c7017c4b-81284-0-4770557009615004-tmp-tgz tar:///var/folders/gx/pc1q9q2d56x6n0lzbprg79gm0000gn/T/npm-3151-n3Xe-Apx/1395116081284-0.4770557009615004/tmp.tgz
26 verbose lock tar:///var/folders/gx/pc1q9q2d56x6n0lzbprg79gm0000gn/T/npm-3151-n3Xe-Apx/1395116081284-0.4770557009615004/tmp.tgz /Users/cjb/.npm/c7017c4b-81284-0-4770557009615004-tmp-tgz.lock
27 silly gunzTarPerm modes [ '755', '644' ]
28 silly gunzTarPerm extractEntry package.json
29 silly gunzTarPerm extractEntry .npmignore
30 silly gunzTarPerm extractEntry README.md
31 silly gunzTarPerm extractEntry property_patch.js
32 silly gunzTarPerm extractEntry property_patch_spec.js
33 silly lockFile d02e0604-81284-0-4770557009615004-package tar:///var/folders/gx/pc1q9q2d56x6n0lzbprg79gm0000gn/T/npm-3151-n3Xe-Apx/1395116081284-0.4770557009615004/package
34 silly lockFile d02e0604-81284-0-4770557009615004-package tar:///var/folders/gx/pc1q9q2d56x6n0lzbprg79gm0000gn/T/npm-3151-n3Xe-Apx/1395116081284-0.4770557009615004/package
35 silly lockFile c7017c4b-81284-0-4770557009615004-tmp-tgz tar:///var/folders/gx/pc1q9q2d56x6n0lzbprg79gm0000gn/T/npm-3151-n3Xe-Apx/1395116081284-0.4770557009615004/tmp.tgz
36 silly lockFile c7017c4b-81284-0-4770557009615004-tmp-tgz tar:///var/folders/gx/pc1q9q2d56x6n0lzbprg79gm0000gn/T/npm-3151-n3Xe-Apx/1395116081284-0.4770557009615004/tmp.tgz
37 verbose tar pack [ '/Users/cjb/.npm/property_patch/0.1.0/package.tgz',
37 verbose tar pack   '/var/folders/gx/pc1q9q2d56x6n0lzbprg79gm0000gn/T/npm-3151-n3Xe-Apx/1395116081284-0.4770557009615004/package' ]
38 verbose tarball /Users/cjb/.npm/property_patch/0.1.0/package.tgz
39 verbose folder /var/folders/gx/pc1q9q2d56x6n0lzbprg79gm0000gn/T/npm-3151-n3Xe-Apx/1395116081284-0.4770557009615004/package
40 silly lockFile d02e0604-81284-0-4770557009615004-package tar:///var/folders/gx/pc1q9q2d56x6n0lzbprg79gm0000gn/T/npm-3151-n3Xe-Apx/1395116081284-0.4770557009615004/package
41 verbose lock tar:///var/folders/gx/pc1q9q2d56x6n0lzbprg79gm0000gn/T/npm-3151-n3Xe-Apx/1395116081284-0.4770557009615004/package /Users/cjb/.npm/d02e0604-81284-0-4770557009615004-package.lock
42 silly lockFile 4d9d8d72-property-patch-0-1-0-package-tgz tar:///Users/cjb/.npm/property_patch/0.1.0/package.tgz
43 verbose lock tar:///Users/cjb/.npm/property_patch/0.1.0/package.tgz /Users/cjb/.npm/4d9d8d72-property-patch-0-1-0-package-tgz.lock
44 silly lockFile d02e0604-81284-0-4770557009615004-package tar:///var/folders/gx/pc1q9q2d56x6n0lzbprg79gm0000gn/T/npm-3151-n3Xe-Apx/1395116081284-0.4770557009615004/package
45 silly lockFile d02e0604-81284-0-4770557009615004-package tar:///var/folders/gx/pc1q9q2d56x6n0lzbprg79gm0000gn/T/npm-3151-n3Xe-Apx/1395116081284-0.4770557009615004/package
46 silly lockFile 4d9d8d72-property-patch-0-1-0-package-tgz tar:///Users/cjb/.npm/property_patch/0.1.0/package.tgz
47 silly lockFile 4d9d8d72-property-patch-0-1-0-package-tgz tar:///Users/cjb/.npm/property_patch/0.1.0/package.tgz
48 silly lockFile 11acfa10-npm-property-patch-0-1-0-package /Users/cjb/.npm/property_patch/0.1.0/package
49 verbose lock /Users/cjb/.npm/property_patch/0.1.0/package /Users/cjb/.npm/11acfa10-npm-property-patch-0-1-0-package.lock
50 silly lockFile 11acfa10-npm-property-patch-0-1-0-package /Users/cjb/.npm/property_patch/0.1.0/package
51 silly lockFile 11acfa10-npm-property-patch-0-1-0-package /Users/cjb/.npm/property_patch/0.1.0/package
52 verbose tar unpack /Users/cjb/.npm/property_patch/0.1.0/package.tgz
53 silly lockFile b04f7912-npm-property-patch-0-1-0-package tar:///Users/cjb/.npm/property_patch/0.1.0/package
54 verbose lock tar:///Users/cjb/.npm/property_patch/0.1.0/package /Users/cjb/.npm/b04f7912-npm-property-patch-0-1-0-package.lock
55 silly lockFile 4d9d8d72-property-patch-0-1-0-package-tgz tar:///Users/cjb/.npm/property_patch/0.1.0/package.tgz
56 verbose lock tar:///Users/cjb/.npm/property_patch/0.1.0/package.tgz /Users/cjb/.npm/4d9d8d72-property-patch-0-1-0-package-tgz.lock
57 silly gunzTarPerm modes [ '755', '644' ]
58 silly gunzTarPerm extractEntry package.json
59 silly gunzTarPerm extractEntry .npmignore
60 silly gunzTarPerm extractEntry README.md
61 silly gunzTarPerm extractEntry property_patch.js
62 silly gunzTarPerm extractEntry property_patch_spec.js
63 silly lockFile b04f7912-npm-property-patch-0-1-0-package tar:///Users/cjb/.npm/property_patch/0.1.0/package
64 silly lockFile b04f7912-npm-property-patch-0-1-0-package tar:///Users/cjb/.npm/property_patch/0.1.0/package
65 silly lockFile 4d9d8d72-property-patch-0-1-0-package-tgz tar:///Users/cjb/.npm/property_patch/0.1.0/package.tgz
66 silly lockFile 4d9d8d72-property-patch-0-1-0-package-tgz tar:///Users/cjb/.npm/property_patch/0.1.0/package.tgz
67 verbose chmod /Users/cjb/.npm/property_patch/0.1.0/package.tgz 644
68 verbose chown /Users/cjb/.npm/property_patch/0.1.0/package.tgz [ 501, 20 ]
69 silly lockFile 3a52ce78- .
70 silly lockFile 3a52ce78- .
71 silly publish { name: 'property_patch',
71 silly publish   version: '0.1.0',
71 silly publish   description: 'smoother version of adding OOP-style getters/setters to a JS object',
71 silly publish   main: 'property_patch',
71 silly publish   devDependencies: { mocha: '~1.18.0', chai: '~1.9.0' },
71 silly publish   scripts: { test: 'mocha' },
71 silly publish   author: { name: '@BaseCase' },
71 silly publish   license: 'ISC',
71 silly publish   homepage: 'https://github.com/BaseCase/property_patch',
71 silly publish   readme: '# PropertyPatch\n\nThis is basically just a slightly smoother way to add getters/setters to a JS class. It\'s a thin wrapper over the top of `Object.defineProperty` that just makes a little more sense to my brain.\n\n\n## Forms\n\nIt\'s available in two forms.\n\n\n### function form\n\nOne form is just a function that you require and then `.call` in your constructor:\n\n```javascript\nvar add_property = require(\'property_patch\').add_property;\n\nfunction Foo() {\n  add_property.call(this, \'bar\');\n}\n\nvar f = new Foo();\nf.bar = 5;\nf.bar; // === 5\n```\n\n### Object patch form\n\nYou can also patch it into `Object.prototype` if you\'re feeling dirty. I prefer this form, but I know it\'s frowned upon, so that\'s why you have options.\n\n```javascript\nrequire(\'property_patch\').patch();\n\nfunction Foo() {\n  this.add_property(\'bar\');\n}\n\nvar f = new Foo();\nf.bar = 5;\nf.bar; // === 5\n```\n\n\n## BUT WHY?!\n\nWhy would I want this? Well, if you\'re writing OO code, then *everything* should really be a method call, never a direct property access. However, it is super lame to have to define and call explicit `get_foo` and `set_foo` methods on every class. Using properties defined this way allows you to have real getters and setters without the fuss.\n\nContrived example time!\n\n### Class definition using `add_property`\n\n```javascript\nfunction Foo() {\n  this.add_property(\'bar\', 1);\n}\n\nFoo.prototype.get_bar = function() {\n  return this._bar + 5;\n}\n\nFoo.prototype.set_bar = function(val) {\n  if (typeof(val) !== \'number\') throw "ONLY NUMBERS PLZ";\n  this._bar = val;\n}\n```\n\n### Using the property\n\nSo notice the custom `get_bar` and `set_bar` methods. Because we defined the property \'bar\' in the constructor, we can say stuff like this:\n\n```javascript\nvar f = new Foo();\nf.bar = 5;\nf.bar; // === 10 (whoa!)\nf.bar = "hey"; // not allowed! throws an error!\n```\n\n### Default values\n\nAlso, you can set an optional default value for a property you defined this way. In `Foo` up there, we set the default for `bar` to 1.\n\n```javascript\nvar foo = new Foo();\nf.bar; // === 1\n```\n\nPretty neat, huh? Oh... Well, I thought it was cool. Don\'t be so negative all the time.\n\n',
71 silly publish   readmeFilename: 'README.md',
71 silly publish   _id: 'property_patch@0.1.0',
71 silly publish   dist: { shasum: 'f4ed1b84ab3b732f1efe70f33a672cbf90bddef6' },
71 silly publish   _from: '.' }
72 verbose url raw property_patch
73 verbose url resolving [ 'https://registry.npmjs.org/', './property_patch' ]
74 verbose url resolved https://registry.npmjs.org/property_patch
75 info trying registry request attempt 1 at 21:14:41
76 http PUT https://registry.npmjs.org/property_patch
77 http 409 https://registry.npmjs.org/property_patch
78 verbose url raw property_patch?write=true
79 verbose url resolving [ 'https://registry.npmjs.org/', './property_patch?write=true' ]
80 verbose url resolved https://registry.npmjs.org/property_patch?write=true
81 info trying registry request attempt 1 at 21:14:43
82 http GET https://registry.npmjs.org/property_patch?write=true
83 http 200 https://registry.npmjs.org/property_patch?write=true
84 error publish fail Cannot publish over existing version.
84 error publish fail Update the 'version' field in package.json and try again.
84 error publish fail
84 error publish fail If the previous version was published in error, see:
84 error publish fail     npm help unpublish
84 error publish fail
84 error publish fail To automatically increment version numbers, see:
84 error publish fail     npm help version
85 error System Darwin 13.1.0
86 error command "node" "/usr/local/bin/npm" "publish" "."
87 error cwd /Users/cjb/code/property_patch
88 error node -v v0.10.26
89 error npm -v 1.4.3
90 error code EPUBLISHCONFLICT
91 verbose exit [ 1, true ]
